Watching for file changes with StatReloader
"GET / HTTP/1.1" 200 16351
"GET /static/admin/css/fonts.css HTTP/1.1" 200 423
Watching for file changes with StatReloader
Watching for file changes with StatReloader
/home/popinan/桌面/shopping/webapi/webapi/settings/dev.py changed, reloading.
Watching for file changes with StatReloader
"GET / HTTP/1.1" 200 16299
"GET /static/admin/css/fonts.css HTTP/1.1" 200 423
/home/popinan/桌面/shopping/webapi/webapi/urls.py changed, reloading.
Watching for file changes with StatReloader
/home/popinan/桌面/shopping/webapi/webapi/apps/home/models.py changed, reloading.
Watching for file changes with StatReloader
/home/popinan/桌面/shopping/webapi/webapi/apps/home/models.py changed, reloading.
Watching for file changes with StatReloader
Watching for file changes with StatReloader
Not Found: /
"GET / HTTP/1.1" 404 2199
Not Found: /favicon.ico
"GET /favicon.ico HTTP/1.1" 404 2250
"GET /banner HTTP/1.1" 301 0
"GET /banner/ HTTP/1.1" 200 5182
"GET /static/rest_framework/css/bootstrap.min.css HTTP/1.1" 200 121457
"GET /static/rest_framework/css/bootstrap-tweaks.css HTTP/1.1" 200 3385
"GET /static/rest_framework/css/prettify.css HTTP/1.1" 200 817
"GET /static/rest_framework/css/default.css HTTP/1.1" 200 1152
"GET /static/rest_framework/js/jquery-3.5.1.min.js HTTP/1.1" 200 89476
"GET /static/rest_framework/js/ajax-form.js HTTP/1.1" 200 3597
"GET /static/rest_framework/js/csrf.js HTTP/1.1" 200 1719
"GET /static/rest_framework/js/bootstrap.min.js HTTP/1.1" 200 39680
"GET /static/rest_framework/js/prettify-min.js HTTP/1.1" 200 13632
"GET /static/rest_framework/js/default.js HTTP/1.1" 200 1268
"GET /static/rest_framework/img/grid.png HTTP/1.1" 200 1458
/home/popinan/桌面/shopping/webapi/webapi/apps/home/urls.py changed, reloading.
Watching for file changes with StatReloader
/home/popinan/桌面/shopping/webapi/webapi/apps/home/admin.py changed, reloading.
Watching for file changes with StatReloader
/home/popinan/桌面/shopping/webapi/webapi/apps/home/admin.py changed, reloading.
Watching for file changes with StatReloader
/home/popinan/桌面/shopping/webapi/webapi/apps/home/admin.py changed, reloading.
Watching for file changes with StatReloader
Watching for file changes with StatReloader
Not Found: /
"GET / HTTP/1.1" 404 2199
"GET /admin/ HTTP/1.1" 302 0
"GET /admin/login/?next=/admin/ HTTP/1.1" 200 2196
"GET /static/admin/css/base.css HTTP/1.1" 304 0
"GET /static/admin/css/nav_sidebar.css HTTP/1.1" 304 0
"GET /static/admin/css/login.css HTTP/1.1" 304 0
"GET /static/admin/js/nav_sidebar.js HTTP/1.1" 304 0
"GET /static/admin/css/responsive.css HTTP/1.1" 304 0
"POST /admin/login/?next=/admin/ HTTP/1.1" 302 0
"GET /admin/ HTTP/1.1" 200 3913
"GET /static/admin/css/dashboard.css HTTP/1.1" 304 0
"GET /static/admin/img/icon-addlink.svg HTTP/1.1" 200 331
"GET /static/admin/img/icon-changelink.svg HTTP/1.1" 200 380
"GET /admin/home/banner/ HTTP/1.1" 200 4918
"GET /static/admin/css/changelists.css HTTP/1.1" 304 0
"GET /static/admin/js/jquery.init.js HTTP/1.1" 304 0
"GET /static/admin/js/admin/RelatedObjectLookups.js HTTP/1.1" 304 0
"GET /static/admin/js/vendor/jquery/jquery.js HTTP/1.1" 304 0
"GET /static/admin/js/core.js HTTP/1.1" 304 0
"GET /static/admin/js/actions.js HTTP/1.1" 304 0
"GET /admin/jsi18n/ HTTP/1.1" 200 7732
"GET /static/admin/js/urlify.js HTTP/1.1" 304 0
"GET /static/admin/js/vendor/xregexp/xregexp.js HTTP/1.1" 304 0
"GET /static/admin/js/prepopulate.js HTTP/1.1" 304 0
"GET /static/admin/img/tooltag-add.svg HTTP/1.1" 200 331
"GET /admin/ HTTP/1.1" 200 3913
"GET /admin/home/banner/add/ HTTP/1.1" 200 8313
"GET /admin/jsi18n/ HTTP/1.1" 200 7732
"GET /static/admin/css/forms.css HTTP/1.1" 304 0
"GET /static/admin/js/change_form.js HTTP/1.1" 304 0
"GET /static/admin/js/prepopulate_init.js HTTP/1.1" 304 0
"GET /static/admin/css/widgets.css HTTP/1.1" 304 0
"GET /admin/ HTTP/1.1" 200 3913
"GET /admin/home/banner/add/ HTTP/1.1" 200 8313
"GET /admin/jsi18n/ HTTP/1.1" 200 7732
"POST /admin/home/banner/add/ HTTP/1.1" 302 0
"GET /admin/home/banner/ HTTP/1.1" 200 7141
"GET /static/admin/img/icon-yes.svg HTTP/1.1" 200 436
"GET /static/admin/img/icon-no.svg HTTP/1.1" 200 560
"GET /admin/jsi18n/ HTTP/1.1" 200 7732
Not Found: /favicon.ico
"GET /favicon.ico HTTP/1.1" 404 2250
"GET /admin/home/banner/add/ HTTP/1.1" 200 8313
"GET /admin/jsi18n/ HTTP/1.1" 200 7732
"POST /admin/home/banner/add/ HTTP/1.1" 200 8472
"GET /admin/jsi18n/ HTTP/1.1" 200 7732
"POST /admin/home/banner/add/ HTTP/1.1" 200 8485
"GET /admin/jsi18n/ HTTP/1.1" 200 7732
"POST /admin/home/banner/add/ HTTP/1.1" 302 0
"GET /admin/home/banner/ HTTP/1.1" 200 7571
"GET /admin/jsi18n/ HTTP/1.1" 200 7732
"GET /static/admin/img/icon-no.svg HTTP/1.1" 200 560
"GET /admin/home/banner/add/ HTTP/1.1" 200 8313
"GET /admin/jsi18n/ HTTP/1.1" 200 7732
"POST /admin/home/banner/add/ HTTP/1.1" 302 0
"GET /admin/home/banner/ HTTP/1.1" 200 7999
"GET /admin/jsi18n/ HTTP/1.1" 200 7732
"GET /banner/ HTTP/1.1" 200 6081
"GET /static/rest_framework/css/bootstrap.min.css HTTP/1.1" 200 4096
"GET /static/rest_framework/img/grid.png HTTP/1.1" 200 1458
